<?xml version="1.0" encoding="UTF-8"?>
<coverage generated="1691519510599" clover="3.2.0">
  <project timestamp="1691519510599" name="All files">
    <metrics statements="10" coveredstatements="0" conditionals="0" coveredconditionals="0" methods="5" coveredmethods="0" elements="15" coveredelements="0" complexity="0" loc="10" ncloc="10" packages="1" files="5" classes="5"/>
    <file name="AddPhoto.jsx" path="C:\Users\benja\OneDrive\Documents\GitHub\FEC-South-Face\src\components\AddPhoto.jsx">
      <metrics statements="2" coveredstatements="0" conditionals="0" coveredconditionals="0" methods="1" coveredmethods="0"/>
      <line num="3" count="0" type="stmt"/>
      <line num="4" count="0" type="stmt"/>
    </file>
    <file name="FeedBack.jsx" path="C:\Users\benja\OneDrive\Documents\GitHub\FEC-South-Face\src\components\FeedBack.jsx">
      <metrics statements="2" coveredstatements="0" conditionals="0" coveredconditionals="0" methods="1" coveredmethods="0"/>
      <line num="3" count="0" type="stmt"/>
      <line num="4" count="0" type="stmt"/>
    </file>
    <file name="Footer.jsx" path="C:\Users\benja\OneDrive\Documents\GitHub\FEC-South-Face\src\components\Footer.jsx">
      <metrics statements="2" coveredstatements="0" conditionals="0" coveredconditionals="0" methods="1" coveredmethods="0"/>
      <line num="3" count="0" type="stmt"/>
      <line num="4" count="0" type="stmt"/>
    </file>
    <file name="Message.jsx" path="C:\Users\benja\OneDrive\Documents\GitHub\FEC-South-Face\src\components\Message.jsx">
      <metrics statements="2" coveredstatements="0" conditionals="0" coveredconditionals="0" methods="1" coveredmethods="0"/>
      <line num="3" count="0" type="stmt"/>
      <line num="4" count="0" type="stmt"/>
    </file>
    <file name="ReccProducts.jsx" path="C:\Users\benja\OneDrive\Documents\GitHub\FEC-South-Face\src\components\ReccProducts.jsx">
      <metrics statements="2" coveredstatements="0" conditionals="0" coveredconditionals="0" methods="1" coveredmethods="0"/>
      <line num="3" count="0" type="stmt"/>
      <line num="4" count="0" type="stmt"/>
    </file>
  </project>
</coverage>
