{"C:\\Users\\benja\\OneDrive\\Documents\\GitHub\\FEC-South-Face\\src\\components\\AddPhoto.jsx": {"path":"C:\\Users\\benja\\OneDrive\\Documents\\GitHub\\FEC-South-Face\\src\\components\\AddPhoto.jsx","statementMap":{"0":{"start":{"line":3,"column":17},"end":{"line":5,"column":1}},"1":{"start":{"line":4,"column":4},"end":{"line":4,"column":10}}},"fnMap":{"0":{"name":"(anonymous_0)","decl":{"start":{"line":3,"column":17},"end":{"line":3,"column":18}},"loc":{"start":{"line":3,"column":23},"end":{"line":5,"column":1}},"line":3}},"branchMap":{},"s":{"0":0,"1":0},"f":{"0":0},"b":{}}
,"C:\\Users\\benja\\OneDrive\\Documents\\GitHub\\FEC-South-Face\\src\\components\\FeedBack.jsx": {"path":"C:\\Users\\benja\\OneDrive\\Documents\\GitHub\\FEC-South-Face\\src\\components\\FeedBack.jsx","statementMap":{"0":{"start":{"line":3,"column":17},"end":{"line":5,"column":1}},"1":{"start":{"line":4,"column":4},"end":{"line":4,"column":10}}},"fnMap":{"0":{"name":"(anonymous_0)","decl":{"start":{"line":3,"column":17},"end":{"line":3,"column":18}},"loc":{"start":{"line":3,"column":23},"end":{"line":5,"column":1}},"line":3}},"branchMap":{},"s":{"0":0,"1":0},"f":{"0":0},"b":{}}
,"C:\\Users\\benja\\OneDrive\\Documents\\GitHub\\FEC-South-Face\\src\\components\\Footer.jsx": {"path":"C:\\Users\\benja\\OneDrive\\Documents\\GitHub\\FEC-South-Face\\src\\components\\Footer.jsx","statementMap":{"0":{"start":{"line":3,"column":15},"end":{"line":5,"column":1}},"1":{"start":{"line":4,"column":4},"end":{"line":4,"column":10}}},"fnMap":{"0":{"name":"(anonymous_0)","decl":{"start":{"line":3,"column":15},"end":{"line":3,"column":16}},"loc":{"start":{"line":3,"column":21},"end":{"line":5,"column":1}},"line":3}},"branchMap":{},"s":{"0":0,"1":0},"f":{"0":0},"b":{}}
,"C:\\Users\\benja\\OneDrive\\Documents\\GitHub\\FEC-South-Face\\src\\components\\Message.jsx": {"path":"C:\\Users\\benja\\OneDrive\\Documents\\GitHub\\FEC-South-Face\\src\\components\\Message.jsx","statementMap":{"0":{"start":{"line":3,"column":16},"end":{"line":5,"column":1}},"1":{"start":{"line":4,"column":4},"end":{"line":4,"column":10}}},"fnMap":{"0":{"name":"(anonymous_0)","decl":{"start":{"line":3,"column":16},"end":{"line":3,"column":17}},"loc":{"start":{"line":3,"column":22},"end":{"line":5,"column":1}},"line":3}},"branchMap":{},"s":{"0":0,"1":0},"f":{"0":0},"b":{}}
,"C:\\Users\\benja\\OneDrive\\Documents\\GitHub\\FEC-South-Face\\src\\components\\ReccProducts.jsx": {"path":"C:\\Users\\benja\\OneDrive\\Documents\\GitHub\\FEC-South-Face\\src\\components\\ReccProducts.jsx","statementMap":{"0":{"start":{"line":3,"column":21},"end":{"line":5,"column":1}},"1":{"start":{"line":4,"column":4},"end":{"line":4,"column":10}}},"fnMap":{"0":{"name":"(anonymous_0)","decl":{"start":{"line":3,"column":21},"end":{"line":3,"column":22}},"loc":{"start":{"line":3,"column":27},"end":{"line":5,"column":1}},"line":3}},"branchMap":{},"s":{"0":0,"1":0},"f":{"0":0},"b":{}}
}
