TN:
SF:src\components\AddPhoto.jsx
FN:3,(anonymous_0)
FNF:1
FNH:0
FNDA:0,(anonymous_0)
DA:3,0
DA:4,0
LF:2
LH:0
BRF:0
BRH:0
end_of_record
TN:
SF:src\components\FeedBack.jsx
FN:3,(anonymous_0)
FNF:1
FNH:0
FNDA:0,(anonymous_0)
DA:3,0
DA:4,0
LF:2
LH:0
BRF:0
BRH:0
end_of_record
TN:
SF:src\components\Footer.jsx
FN:3,(anonymous_0)
FNF:1
FNH:0
FNDA:0,(anonymous_0)
DA:3,0
DA:4,0
LF:2
LH:0
BRF:0
BRH:0
end_of_record
TN:
SF:src\components\Message.jsx
FN:3,(anonymous_0)
FNF:1
FNH:0
FNDA:0,(anonymous_0)
DA:3,0
DA:4,0
LF:2
LH:0
BRF:0
BRH:0
end_of_record
TN:
SF:src\components\ReccProducts.jsx
FN:3,(anonymous_0)
FNF:1
FNH:0
FNDA:0,(anonymous_0)
DA:3,0
DA:4,0
LF:2
LH:0
BRF:0
BRH:0
end_of_record
